#
# There is insufficient memory for the Java Runtime Environment to continue.
# Native memory allocation (malloc) failed to allocate 32744 bytes for ChunkPool::allocate
# Possible reasons:
#   The system is out of physical RAM or swap space
#   In 32 bit mode, the process size limit was hit
# Possible solutions:
#   Reduce memory load on the system
#   Increase physical memory or swap space
#   Check if swap backing store is full
#   Use 64 bit Java on a 64 bit OS
#   Decrease Java heap size (-Xmx/-Xms)
#   Decrease number of Java threads
#   Decrease Java thread stack sizes (-Xss)
#   Set larger code cache with -XX:ReservedCodeCacheSize=
# This output file may be truncated or incomplete.
#
#  Out of Memory Error (allocation.cpp:273), pid=7600, tid=24748
#
# JRE version: Java(TM) SE Runtime Environment (8.0_91-b14) (build 1.8.0_91-b14)
# Java VM: Java HotSpot(TM) 64-Bit Server VM (25.91-b14 mixed mode windows-amd64 compressed oops)
# Failed to write core dump. Minidumps are not enabled by default on client versions of Windows
#

---------------  T H R E A D  ---------------

Current thread (0x0000000014e3d800):  JavaThread "C1 CompilerThread2" daemon [_thread_in_native, id=24748, stack(0x0000000016940000,0x0000000016a40000)]

Stack: [0x0000000016940000,0x0000000016a40000]
[error occurred during error reporting (printing stack bounds), id 0xc0000005]

Native frames: (J=compiled Java code, j=interpreted, Vv=VM code, C=native code)


Current CompileTask:
C1:    895  171   !   3       com.android.dx.cf.cst.ConstantPoolParser::parse0 (731 bytes)


---------------  P R O C E S S  ---------------

Java Threads: ( => current thread )
  0x00000000162b9800 JavaThread "pool-1-thread-4" [_thread_new, id=24840, stack(0x0000000000000000,0x0000000000000000)]
  0x00000000162b4000 JavaThread "pool-1-thread-3" [_thread_new, id=24836, stack(0x0000000000000000,0x0000000000000000)]
  0x00000000162b3000 JavaThread "pool-1-thread-2" [_thread_new, id=24832, stack(0x0000000000000000,0x0000000000000000)]
  0x00000000162b0000 JavaThread "pool-2-thread-1" [_thread_new, id=24828, stack(0x0000000000000000,0x0000000000000000)]
  0x00000000162af800 JavaThread "pool-1-thread-1" [_thread_new, id=24824, stack(0x0000000000000000,0x0000000000000000)]
  0x0000000014e3e800 JavaThread "Service Thread" daemon [_thread_blocked, id=24756, stack(0x0000000016a40000,0x0000000016b40000)]
=>0x0000000014e3d800 JavaThread "C1 CompilerThread2" daemon [_thread_in_native, id=24748, stack(0x0000000016940000,0x0000000016a40000)]
  0x000000000265c000 JavaThread "C2 CompilerThread1" daemon [_thread_in_vm, id=24724, stack(0x0000000016840000,0x0000000016940000)]
  0x0000000016182800 JavaThread "C2 CompilerThread0" daemon [_thread_blocked, id=24700, stack(0x0000000016740000,0x0000000016840000)]
  0x0000000014df2000 JavaThread "Attach Listener" daemon [_thread_blocked, id=24696, stack(0x0000000016640000,0x0000000016740000)]
  0x0000000014ddc800 JavaThread "Signal Dispatcher" daemon [_thread_blocked, id=24692, stack(0x0000000016540000,0x0000000016640000)]
  0x0000000014dca800 JavaThread "Finalizer" daemon [_thread_blocked, id=24640, stack(0x0000000016040000,0x0000000016140000)]
  0x000000000264f800 JavaThread "Reference Handler" daemon [_thread_blocked, id=24636, stack(0x0000000015f40000,0x0000000016040000)]
  0x0000000002560800 JavaThread "main" [_thread_in_Java, id=7648, stack(0x0000000002070000,0x0000000002170000)]

Other Threads:
  0x0000000014da8000 VMThread [stack: 0x0000000015e40000,0x0000000015f40000] [id=24628]
  0x00000000161f1800 WatcherThread [stack: 0x0000000016b40000,0x0000000016c40000] [id=24760]

VM state:not at safepoint (normal execution)

VM Mutex/Monitor currently owned by a thread: None

Heap:
 PSYoungGen      total 76288K, used 5243K [0x00000000eab00000, 0x00000000f0000000, 0x0000000100000000)
  eden space 65536K, 8% used [0x00000000eab00000,0x00000000eb01ec38,0x00000000eeb00000)
  from space 10752K, 0% used [0x00000000ef580000,0x00000000ef580000,0x00000000f0000000)
  to   space 10752K, 0% used [0x00000000eeb00000,0x00000000eeb00000,0x00000000ef580000)
 ParOldGen       total 175104K, used 0K [0x00000000c0000000, 0x00000000cab00000, 0x00000000eab00000)
  object space 175104K, 0% used [0x00000000c0000000,0x00000000c0000000,0x00000000cab00000)
 Metaspace       used 3854K, capacity 5104K, committed 5376K, reserved 1056768K
  class space    used 436K, capacity 488K, committed 512K, reserved 1048576K

Card table byte_map: [0x0000000011ad0000,0x0000000011ce0000] byte_map_base: 0x00000000114d0000

Marking Bits: (ParMarkBitMap*) 0x000000006e442f70
 Begin Bits: [0x0000000012240000, 0x0000000013240000)
 End Bits:   [0x0000000013240000, 0x0000000014240000)

Polling page: 0x0000000000920000

CodeCache: size=245760Kb used=1404Kb max_used=1414Kb free=244355Kb
 bounds [0x0000000002710000, 0x0000000002980000, 0x0000000011710000]
 total_blobs=426 nmethods=172 adapters=167
 compilation: enabled

Compilation events (10 events):
Event: 0.886 Thread 0x0000000014e3d800 nmethod 165 0x000000000286ad50 code [0x000000000286aec0, 0x000000000286b0d0]
Event: 0.886 Thread 0x0000000014e3d800  169       3       com.android.dx.util.ByteArray$MyInputStream::read (40 bytes)
Event: 0.886 Thread 0x0000000014e3d800 nmethod 169 0x000000000286a750 code [0x000000000286a8c0, 0x000000000286ab70]
Event: 0.886 Thread 0x0000000014e3d800  167       1       com.android.dx.cf.direct.DirectClassFile::getBytes (5 bytes)
Event: 0.886 Thread 0x0000000014e3d800 nmethod 167 0x000000000286a3d0 code [0x000000000286a520, 0x000000000286a630]
Event: 0.886 Thread 0x0000000014e3d800  168       1       com.android.dx.rop.cst.CstString::getString (5 bytes)
Event: 0.886 Thread 0x0000000014e3d800 nmethod 168 0x000000000286e850 code [0x000000000286e9a0, 0x000000000286eab0]
Event: 0.889 Thread 0x0000000014e3d800  171   !   3       com.android.dx.cf.cst.ConstantPoolParser::parse0 (731 bytes)
Event: 0.891 Thread 0x000000000265c000  174       4       com.android.dx.util.ByteArray::getUnsignedByte (14 bytes)
Event: 0.892 Thread 0x000000000265c000 nmethod 174 0x0000000002871bd0 code [0x0000000002871d20, 0x0000000002871e38]

GC Heap History (0 events):
No events

Deoptimization events (0 events):
No events

Internal exceptions (2 events):
Event: 0.188 Thread 0x0000000002560800 Exception <a 'java/lang/NoSuchMethodError': Method sun.misc.Unsafe.defineClass(Ljava/lang/String;[BII)Ljava/lang/Class; name or signature does not match> (0x00000000eab07cc0) thrown at [C:\re\workspace\8-2-build-windows-amd64-cygwin\jdk8u91\6644\hotspot\srjo—PÈ?
Event: 0.188 Thread 0x0000000002560800 Exception <a 'java/lang/NoSuchMethodError': Method sun.misc.Unsafe.prefetchRead(Ljava/lang/Object;J)V name or signature does not match> (0x00000000eab07fa8) thrown at [C:\re\workspace\8-2-build-windows-amd64-cygwin\jdk8u91\6644\hotspot\src\share\vm\prims\j

Events (10 events):
Event: 0.881 loading class java/util/concurrent/FutureTask$WaitNode done
Event: 0.881 loading class java/util/concurrent/ThreadPoolExecutor$Worker
Event: 0.881 loading class java/util/concurrent/ThreadPoolExecutor$Worker done
Event: 0.881 Thread 0x00000000162af800 Thread added: 0x00000000162af800
Event: 0.881 loading class com/android/dx/command/dexer/Main$ClassDefItemConsumer
Event: 0.881 loading class com/android/dx/command/dexer/Main$ClassDefItemConsumer done
Event: 0.883 Thread 0x00000000162b0000 Thread added: 0x00000000162b0000
Event: 0.884 Thread 0x00000000162b3000 Thread added: 0x00000000162b3000
Event: 0.885 Thread 0x00000000162b4000 Thread added: 0x00000000162b4000
Event: 0.890 Thread 0x00000000162b9800 Thread added: 0x00000000162b9800


Dynamic libraries:
0x00007ff6f2dd0000 - 0x00007ff6f2e07000 	C:\Program Files\Java\jdk1.8.0_91\bin\java.exe
0x00007ffc62d40000 - 0x00007ffc62f01000 	C:\windows\SYSTEM32\ntdll.dll
0x00007ffc609e0000 - 0x00007ffc60a8d000 	C:\windows\system32\KERNEL32.DLL
0x00007ffc5fb80000 - 0x00007ffc5fd68000 	C:\windows\system32\KERNELBASE.dll
0x00007ffc5db50000 - 0x00007ffc5dbc9000 	C:\windows\system32\apphelp.dll
0x00007ffc60930000 - 0x00007ffc609d7000 	C:\windows\system32\ADVAPI32.dll
0x00007ffc60fa0000 - 0x00007ffc6103d000 	C:\windows\system32\msvcrt.dll
0x00007ffc60f40000 - 0x00007ffc60f9b000 	C:\windows\system32\sechost.dll
0x00007ffc602f0000 - 0x00007ffc6040c000 	C:\windows\system32\RPCRT4.dll
0x00007ffc60720000 - 0x00007ffc60876000 	C:\windows\system32\USER32.dll
0x00007ffc60c00000 - 0x00007ffc60d86000 	C:\windows\system32\GDI32.dll
0x00007ffc54d60000 - 0x00007ffc54fd4000 	C:\windows\WinSxS\amd64_microsoft.windows.common-controls_6595b64144ccf1df_6.0.10586.589_none_a2ddb3caa539acce\COMCTL32.dll
0x00007ffc62690000 - 0x00007ffc6290d000 	C:\windows\system32\combase.dll
0x00007ffc5fe20000 - 0x00007ffc5fe8a000 	C:\windows\system32\bcryptPrimitives.dll
0x00007ffc606e0000 - 0x00007ffc6071b000 	C:\windows\system32\IMM32.DLL
0x000000006e4d0000 - 0x000000006e5a2000 	C:\Program Files\Java\jdk1.8.0_91\jre\bin\msvcr100.dll
0x000000006dc30000 - 0x000000006e4c3000 	C:\Program Files\Java\jdk1.8.0_91\jre\bin\server\jvm.dll
0x00007ffc60a90000 - 0x00007ffc60a98000 	C:\windows\system32\PSAPI.DLL
0x00007ffc5c550000 - 0x00007ffc5c559000 	C:\windows\SYSTEM32\WSOCK32.dll
0x00007ffc62620000 - 0x00007ffc6268b000 	C:\windows\system32\WS2_32.dll
0x00007ffc5d320000 - 0x00007ffc5d343000 	C:\windows\SYSTEM32\WINMM.dll
0x00007ffc54ff0000 - 0x00007ffc54ffa000 	C:\windows\SYSTEM32\VERSION.dll
0x00007ffc5d2c0000 - 0x00007ffc5d2ec000 	C:\windows\SYSTEM32\WINMMBASE.dll
0x00007ffc5fdd0000 - 0x00007ffc5fe13000 	C:\windows\system32\cfgmgr32.dll
0x000000006dc20000 - 0x000000006dc2f000 	C:\Program Files\Java\jdk1.8.0_91\jre\bin\verify.dll
0x000000006dbf0000 - 0x000000006dc19000 	C:\Program Files\Java\jdk1.8.0_91\jre\bin\java.dll
0x000000006dbd0000 - 0x000000006dbe6000 	C:\Program Files\Java\jdk1.8.0_91\jre\bin\zip.dll
0x00007ffc610a0000 - 0x00007ffc625fc000 	C:\windows\system32\SHELL32.dll
0x00007ffc5f480000 - 0x00007ffc5fac5000 	C:\windows\system32\windows.storage.dll
0x00007ffc61040000 - 0x00007ffc61092000 	C:\windows\system32\shlwapi.dll
0x00007ffc5f380000 - 0x00007ffc5f38f000 	C:\windows\system32\kernel.appcore.dll
0x00007ffc5fe90000 - 0x00007ffc5ff45000 	C:\windows\system32\shcore.dll
0x00007ffc5f390000 - 0x00007ffc5f3db000 	C:\windows\system32\powrprof.dll
0x00007ffc5f360000 - 0x00007ffc5f374000 	C:\windows\system32\profapi.dll

VM Arguments:
jvm_args: -Djava.awt.headless=true -Xmx1024M -Dfile.encoding=GBK -Duser.country=CN -Duser.language=zh -Duser.variant 
java_command: com.android.dx.command.Main --dex --num-threads=4 --output D:\AndroidStudioSpace\ItemDecorationIndexBar\app\build\intermediates\pre-dexed\debug\internal_impl-24.2.1_7768ed4dcdf6a58b7bba2c14d05177630761a18a.jar D:\AndroidStudioSpace\ItemDecorationIndexBar\app\build\intermediates\exploded-aar\com.android.support\support-core-ui\24.2.1\jars\libs\internal_impl-24.2.1.jar
java_class_path (initial): D:\Android\sdk\build-tools\24.0.2\lib\dx.jar
Launcher Type: SUN_STANDARD

Environment Variables:
JAVA_HOME=C:\Program Files\Java\jdk1.8.0_91
PATH=C:\Program Files (x86)\Intel\iCLS Client\;C:\Program Files\Intel\iCLS Client\;C:\windows\system32;C:\windows;C:\windows\System32\Wbem;C:\windows\System32\WindowsPowerShell\v1.0\;C:\Program Files (x86)\Intel\Intel(R) Management Engine Components\DAL;C:\Program Files\Intel\Intel(R) Management Engine Components\DAL;C:\Program Files (x86)\Intel\Intel(R) Management Engine Components\IPT;C:\Program Files\Intel\Intel(R) Management Engine Components\IPT;c:\Program Files (x86)\ATI Technologies\ATI.ACE\Core-Static;C:\Program Files\Java\jdk1.8.0_91\bin;D:\MySQL\bin;C:\Program Files\Apache Software Foundation\Tomcat 8.0\bin;C:\Program Files (x86)\Git\bin;D:\Android\android-ndk-r10\build;C:\Program Files\TortoiseSVN\bin
USERNAME=HP
OS=Windows_NT
PROCESSOR_IDENTIFIER=Intel64 Family 6 Model 78 Stepping 3, GenuineIntel



---------------  S Y S T E M  ---------------

OS: Windows 10.0 , 64 bit Build 10586 (10.0.10586.589)

CPU:total 4 (2 cores per cpu, 2 threads per core) family 6 model 78 stepping 3, cmov, cx8, fxsr, mmx, sse, sse2, sse3, ssse3, sse4.1, sse4.2, popcnt, avx, avx2, aes, clmul, erms, 3dnowpref, lzcnt, ht, tsc, tscinvbit, bmi1, bmi2, adx

Memory: 4k page, physical 16654752k(1204272k free), swap 25845660k(4364k free)

vm_info: Java HotSpot(TM) 64-Bit Server VM (25.91-b14) for windows-amd64 JRE (1.8.0_91-b14), built on Apr  1 2016 00:58:32 by "java_re" with MS VC++ 10.0 (VS2010)

time: Thu Dec 01 14:58:58 2016
elapsed time: 0 seconds (0d 0h 0m 0s)

