#
# There is insufficient memory for the Java Runtime Environment to continue.
# Native memory allocation (malloc) failed to allocate 1048576 bytes for AllocateHeap
# Possible reasons:
#   The system is out of physical RAM or swap space
#   In 32 bit mode, the process size limit was hit
# Possible solutions:
#   Reduce memory load on the system
#   Increase physical memory or swap space
#   Check if swap backing store is full
#   Use 64 bit Java on a 64 bit OS
#   Decrease Java heap size (-Xmx/-Xms)
#   Decrease number of Java threads
#   Decrease Java thread stack sizes (-Xss)
#   Set larger code cache with -XX:ReservedCodeCacheSize=
# This output file may be truncated or incomplete.
#
#  Out of Memory Error (memory/allocation.inline.hpp:61), pid=25108, tid=25292
#
# JRE version:  (8.0_91-b14) (build )
# Java VM: Java HotSpot(TM) 64-Bit Server VM (25.91-b14 mixed mode windows-amd64 compressed oops)
# Failed to write core dump. Minidumps are not enabled by default on client versions of Windows
#

---------------  T H R E A D  ---------------

Current thread (0x00000000034f0800):  JavaThread "Unknown thread" [_thread_in_vm, id=25292, stack(0x0000000003330000,0x0000000003430000)]

Stack: [0x0000000003330000,0x0000000003430000]
[error occurred during error reporting (printing stack bounds), id 0xc0000005]

Native frames: (J=compiled Java code, j=interpreted, Vv=VM code, C=native code)


---------------  P R O C E S S  ---------------

Java Threads: ( => current thread )

Other Threads:

=>0x00000000034f0800 (exited) JavaThread "Unknown thread" [_thread_in_vm, id=25292, stack(0x0000000003330000,0x0000000003430000)]

VM state:not at safepoint (normal execution)

VM Mutex/Monitor currently owned by a thread: None

Heap:
 PSYoungGen      total 76288K, used 1310K [0x00000000eab00000, 0x00000000f0000000, 0x0000000100000000)
  eden space 65536K, 2% used [0x00000000eab00000,0x00000000eac47af0,0x00000000eeb00000)
  from space 10752K, 0% used [0x00000000ef580000,0x00000000ef580000,0x00000000f0000000)
  to   space 10752K, 0% used [0x00000000eeb00000,0x00000000eeb00000,0x00000000ef580000)
 ParOldGen       total 175104K, used 0K [0x00000000c0000000, 0x00000000cab00000, 0x00000000eab00000)
  object space 175104K, 0% used [0x00000000c0000000,0x00000000c0000000,0x00000000cab00000)
 Metaspace       used 769K, capacity 4480K, committed 4480K, reserved 1056768K
  class space    used 75K, capacity 384K, committed 384K, reserved 1048576K

Card table byte_map: [0x00000000129b0000,0x0000000012bc0000] byte_map_base: 0x00000000123b0000

Marking Bits: (ParMarkBitMap*) 0x000000006e442f70
 Begin Bits: [0x0000000013120000, 0x0000000014120000)
 End Bits:   [0x0000000014120000, 0x0000000015120000)

Polling page: 0x00000000017c0000

CodeCache: size=245760Kb used=328Kb max_used=328Kb free=245431Kb
 bounds [0x00000000035f0000, 0x0000000003860000, 0x00000000125f0000]
 total_blobs=58 nmethods=0 adapters=38
 compilation: enabled

Compilation events (0 events):
No events

GC Heap History (0 events):
No events

Deoptimization events (0 events):
No events

Internal exceptions (0 events):
No events

Events (10 events):
Event: 0.071 loading class java/lang/Short
Event: 0.071 loading class java/lang/Short done
Event: 0.071 loading class java/lang/Integer
Event: 0.071 loading class java/lang/Integer done
Event: 0.071 loading class java/lang/Long
Event: 0.072 loading class java/lang/Long done
Event: 0.073 loading class java/lang/NullPointerException
Event: 0.073 loading class java/lang/NullPointerException done
Event: 0.073 loading class java/lang/ArithmeticException
Event: 0.073 loading class java/lang/ArithmeticException done


Dynamic libraries:
0x00007ff6f2dd0000 - 0x00007ff6f2e07000 	C:\Program Files\Java\jdk1.8.0_91\bin\java.exe
0x00007ffc62d40000 - 0x00007ffc62f01000 	C:\windows\SYSTEM32\ntdll.dll
0x00007ffc609e0000 - 0x00007ffc60a8d000 	C:\windows\system32\KERNEL32.DLL
0x00007ffc5fb80000 - 0x00007ffc5fd68000 	C:\windows\system32\KERNELBASE.dll
0x00007ffc5db50000 - 0x00007ffc5dbc9000 	C:\windows\system32\apphelp.dll
0x00007ffc60930000 - 0x00007ffc609d7000 	C:\windows\system32\ADVAPI32.dll
0x00007ffc60fa0000 - 0x00007ffc6103d000 	C:\windows\system32\msvcrt.dll
0x00007ffc60f40000 - 0x00007ffc60f9b000 	C:\windows\system32\sechost.dll
0x00007ffc602f0000 - 0x00007ffc6040c000 	C:\windows\system32\RPCRT4.dll
0x00007ffc60720000 - 0x00007ffc60876000 	C:\windows\system32\USER32.dll
0x00007ffc60c00000 - 0x00007ffc60d86000 	C:\windows\system32\GDI32.dll
0x00007ffc54d60000 - 0x00007ffc54fd4000 	C:\windows\WinSxS\amd64_microsoft.windows.common-controls_6595b64144ccf1df_6.0.10586.589_none_a2ddb3caa539acce\COMCTL32.dll
0x00007ffc62690000 - 0x00007ffc6290d000 	C:\windows\system32\combase.dll
0x00007ffc5fe20000 - 0x00007ffc5fe8a000 	C:\windows\system32\bcryptPrimitives.dll
0x00007ffc606e0000 - 0x00007ffc6071b000 	C:\windows\system32\IMM32.DLL
0x000000006e4d0000 - 0x000000006e5a2000 	C:\Program Files\Java\jdk1.8.0_91\jre\bin\msvcr100.dll
0x000000006dc30000 - 0x000000006e4c3000 	C:\Program Files\Java\jdk1.8.0_91\jre\bin\server\jvm.dll
0x00007ffc60a90000 - 0x00007ffc60a98000 	C:\windows\system32\PSAPI.DLL
0x00007ffc5c550000 - 0x00007ffc5c559000 	C:\windows\SYSTEM32\WSOCK32.dll
0x00007ffc62620000 - 0x00007ffc6268b000 	C:\windows\system32\WS2_32.dll
0x00007ffc5d320000 - 0x00007ffc5d343000 	C:\windows\SYSTEM32\WINMM.dll
0x00007ffc54ff0000 - 0x00007ffc54ffa000 	C:\windows\SYSTEM32\VERSION.dll
0x00007ffc5d2c0000 - 0x00007ffc5d2ec000 	C:\windows\SYSTEM32\WINMMBASE.dll
0x00007ffc5fdd0000 - 0x00007ffc5fe13000 	C:\windows\system32\cfgmgr32.dll
0x000000006dc20000 - 0x000000006dc2f000 	C:\Program Files\Java\jdk1.8.0_91\jre\bin\verify.dll
0x000000006dbf0000 - 0x000000006dc19000 	C:\Program Files\Java\jdk1.8.0_91\jre\bin\java.dll
0x000000006dbd0000 - 0x000000006dbe6000 	C:\Program Files\Java\jdk1.8.0_91\jre\bin\zip.dll

VM Arguments:
jvm_args: -Djava.awt.headless=true -Xmx1024M -Dfile.encoding=GBK -Duser.country=CN -Duser.language=zh -Duser.variant 
java_command: com.android.dx.command.Main --dex --num-threads=4 --output D:\AndroidStudioSpace\ItemDecorationIndexBar\app\build\intermediates\pre-dexed\debug\com.android.support-appcompat-v7-24.2.1_d7215d46d6be6aee5a0a4db83986f0bad0354249.jar D:\AndroidStudioSpace\ItemDecorationIndexBar\app\build\intermediates\exploded-aar\com.android.support\appcompat-v7\24.2.1\jars\classes.jar
java_class_path (initial): D:\Android\sdk\build-tools\24.0.2\lib\dx.jar
Launcher Type: SUN_STANDARD

Environment Variables:
JAVA_HOME=C:\Program Files\Java\jdk1.8.0_91
PATH=C:\Program Files (x86)\Intel\iCLS Client\;C:\Program Files\Intel\iCLS Client\;C:\windows\system32;C:\windows;C:\windows\System32\Wbem;C:\windows\System32\WindowsPowerShell\v1.0\;C:\Program Files (x86)\Intel\Intel(R) Management Engine Components\DAL;C:\Program Files\Intel\Intel(R) Management Engine Components\DAL;C:\Program Files (x86)\Intel\Intel(R) Management Engine Components\IPT;C:\Program Files\Intel\Intel(R) Management Engine Components\IPT;c:\Program Files (x86)\ATI Technologies\ATI.ACE\Core-Static;C:\Program Files\Java\jdk1.8.0_91\bin;D:\MySQL\bin;C:\Program Files\Apache Software Foundation\Tomcat 8.0\bin;C:\Program Files (x86)\Git\bin;D:\Android\android-ndk-r10\build;C:\Program Files\TortoiseSVN\bin
USERNAME=HP
OS=Windows_NT
PROCESSOR_IDENTIFIER=Intel64 Family 6 Model 78 Stepping 3, GenuineIntel



---------------  S Y S T E M  ---------------

OS: Windows 10.0 , 64 bit Build 10586 (10.0.10586.589)

CPU:total 4 (2 cores per cpu, 2 threads per core) family 6 model 78 stepping 3, cmov, cx8, fxsr, mmx, sse, sse2, sse3, ssse3, sse4.1, sse4.2, popcnt, avx, avx2, aes, clmul, erms, 3dnowpref, lzcnt, ht, tsc, tscinvbit, bmi1, bmi2, adx

Memory: 4k page, physical 16654752k(1154440k free), swap 25845660k(6980k free)

vm_info: Java HotSpot(TM) 64-Bit Server VM (25.91-b14) for windows-amd64 JRE (1.8.0_91-b14), built on Apr  1 2016 00:58:32 by "java_re" with MS VC++ 10.0 (VS2010)

time: Thu Dec 01 14:58:59 2016
elapsed time: 0 seconds (0d 0h 0m 0s)

