#
# There is insufficient memory for the Java Runtime Environment to continue.
# Native memory allocation (malloc) failed to allocate 65552 bytes for Chunk::new
# Possible reasons:
#   The system is out of physical RAM or swap space
#   In 32 bit mode, the process size limit was hit
# Possible solutions:
#   Reduce memory load on the system
#   Increase physical memory or swap space
#   Check if swap backing store is full
#   Use 64 bit Java on a 64 bit OS
#   Decrease Java heap size (-Xmx/-Xms)
#   Decrease number of Java threads
#   Decrease Java thread stack sizes (-Xss)
#   Set larger code cache with -XX:ReservedCodeCacheSize=
# This output file may be truncated or incomplete.
#
#  Out of Memory Error (allocation.cpp:390), pid=23964, tid=24312
#
# JRE version: Java(TM) SE Runtime Environment (8.0_91-b14) (build 1.8.0_91-b14)
# Java VM: Java HotSpot(TM) 64-Bit Server VM (25.91-b14 mixed mode windows-amd64 compressed oops)
# Failed to write core dump. Minidumps are not enabled by default on client versions of Windows
#

---------------  T H R E A D  ---------------

Current thread (0x0000000016cb7000):  JavaThread "C2 CompilerThread1" daemon [_thread_in_native, id=24312, stack(0x0000000017360000,0x0000000017460000)]

Stack: [0x0000000017360000,0x0000000017460000]
[error occurred during error reporting (printing stack bounds), id 0xc0000005]

Native frames: (J=compiled Java code, j=interpreted, Vv=VM code, C=native code)


Current CompileTask:
C2:   1440  635       4       com.android.dx.ssa.NormalSsaInsn::accept (25 bytes)


---------------  P R O C E S S  ---------------

Java Threads: ( => current thread )
  0x0000000016ed4000 JavaThread "pool-1-thread-4" [_thread_blocked, id=24484, stack(0x0000000017b60000,0x0000000017c60000)]
  0x0000000016ed3000 JavaThread "pool-1-thread-3" [_thread_blocked, id=24476, stack(0x0000000017a60000,0x0000000017b60000)]
  0x0000000016de5800 JavaThread "pool-1-thread-2" [_thread_in_Java, id=24452, stack(0x0000000017960000,0x0000000017a60000)]
  0x0000000016de5000 JavaThread "pool-2-thread-1" [_thread_blocked, id=24496, stack(0x0000000017860000,0x0000000017960000)]
  0x0000000016dcf800 JavaThread "pool-1-thread-1" [_thread_in_Java, id=24500, stack(0x0000000017760000,0x0000000017860000)]
  0x0000000016cc0000 JavaThread "Service Thread" daemon [_thread_blocked, id=24280, stack(0x0000000017560000,0x0000000017660000)]
  0x0000000016cba000 JavaThread "C1 CompilerThread2" daemon [_thread_in_native, id=24260, stack(0x0000000017460000,0x0000000017560000)]
=>0x0000000016cb7000 JavaThread "C2 CompilerThread1" daemon [_thread_in_native, id=24312, stack(0x0000000017360000,0x0000000017460000)]
  0x0000000015958000 JavaThread "C2 CompilerThread0" daemon [_thread_in_native, id=24268, stack(0x0000000017260000,0x0000000017360000)]
  0x0000000015956800 JavaThread "Attach Listener" daemon [_thread_blocked, id=22396, stack(0x0000000017160000,0x0000000017260000)]
  0x0000000016c68800 JavaThread "Signal Dispatcher" daemon [_thread_blocked, id=20856, stack(0x0000000017060000,0x0000000017160000)]
  0x00000000158ea000 JavaThread "Finalizer" daemon [_thread_blocked, id=24236, stack(0x0000000016b60000,0x0000000016c60000)]
  0x00000000158c8800 JavaThread "Reference Handler" daemon [_thread_blocked, id=24240, stack(0x0000000016a60000,0x0000000016b60000)]
  0x0000000003130800 JavaThread "main" [_thread_in_Java, id=24136, stack(0x0000000003030000,0x0000000003130000)]

Other Threads:
  0x00000000158c7000 VMThread [stack: 0x0000000016960000,0x0000000016a60000] [id=24200]
  0x0000000016d22000 WatcherThread [stack: 0x0000000017660000,0x0000000017760000] [id=24380]

VM state:not at safepoint (normal execution)

VM Mutex/Monitor currently owned by a thread: None

Heap:
 PSYoungGen      total 76288K, used 18351K [0x00000000eab00000, 0x00000000f0000000, 0x0000000100000000)
  eden space 65536K, 28% used [0x00000000eab00000,0x00000000ebcebc98,0x00000000eeb00000)
  from space 10752K, 0% used [0x00000000ef580000,0x00000000ef580000,0x00000000f0000000)
  to   space 10752K, 0% used [0x00000000eeb00000,0x00000000eeb00000,0x00000000ef580000)
 ParOldGen       total 175104K, used 0K [0x00000000c0000000, 0x00000000cab00000, 0x00000000eab00000)
  object space 175104K, 0% used [0x00000000c0000000,0x00000000c0000000,0x00000000cab00000)
 Metaspace       used 5737K, capacity 6646K, committed 6784K, reserved 1056768K
  class space    used 605K, capacity 622K, committed 640K, reserved 1048576K

Card table byte_map: [0x00000000125f0000,0x0000000012800000] byte_map_base: 0x0000000011ff0000

Marking Bits: (ParMarkBitMap*) 0x000000006e442f70
 Begin Bits: [0x0000000012d60000, 0x0000000013d60000)
 End Bits:   [0x0000000013d60000, 0x0000000014d60000)

Polling page: 0x0000000002bc0000

CodeCache: size=245760Kb used=2548Kb max_used=2548Kb free=243211Kb
 bounds [0x0000000003230000, 0x00000000034c0000, 0x0000000012230000]
 total_blobs=890 nmethods=621 adapters=182
 compilation: enabled

Compilation events (10 events):
Event: 1.428 Thread 0x0000000016cb7000 nmethod 627 0x00000000034a2090 code [0x00000000034a21e0, 0x00000000034a2458]
Event: 1.428 Thread 0x0000000016cb7000  631       4       java.util.BitSet::set (58 bytes)
Event: 1.430 Thread 0x0000000016cb7000 nmethod 631 0x00000000034a1c50 code [0x00000000034a1da0, 0x00000000034a1f28]
Event: 1.430 Thread 0x0000000016cb7000  635       4       com.android.dx.ssa.NormalSsaInsn::accept (25 bytes)
Event: 1.431 Thread 0x0000000015958000 nmethod 632 0x00000000034a9750 code [0x00000000034a9880, 0x00000000034a9a38]
Event: 1.431 Thread 0x0000000015958000  638       4       com.android.dx.rop.type.Type::hashCode (8 bytes)
Event: 1.433 Thread 0x0000000015958000 nmethod 638 0x00000000034a9390 code [0x00000000034a94c0, 0x00000000034a9638]
Event: 1.433 Thread 0x0000000015958000  639       4       com.android.dx.cf.code.LineNumberList::pcToLine (73 bytes)
Event: 1.437 Thread 0x0000000015958000 nmethod 639 0x00000000034a8e10 code [0x00000000034a8f60, 0x00000000034a91b8]
Event: 1.437 Thread 0x0000000015958000  641       4       com.android.dx.ssa.SsaBasicBlock::forEachInsn (37 bytes)

GC Heap History (0 events):
No events

Deoptimization events (1 events):
Event: 1.344 Thread 0x0000000003130800 Uncommon trap: reason=unstable_if action=reinterpret pc=0x000000000345f4f8 method=java.util.HashMap.getNode(ILjava/lang/Object;)Ljava/util/HashMap$Node; @ 62

Internal exceptions (2 events):
Event: 0.047 Thread 0x0000000003130800 Exception <a 'java/lang/NoSuchMethodError': Method sun.misc.Unsafe.defineClass(Ljava/lang/String;[BII)Ljava/lang/Class; name or signature does not match> (0x00000000eab07cc0) thrown at [C:\re\workspace\8-2-build-windows-amd64-cygwin\jdk8u91\6644\hotspot\srôÂ¹Ie¨?
Event: 0.047 Thread 0x0000000003130800 Exception <a 'java/lang/NoSuchMethodError': Method sun.misc.Unsafe.prefetchRead(Ljava/lang/Object;J)V name or signature does not match> (0x00000000eab07fa8) thrown at [C:\re\workspace\8-2-build-windows-amd64-cygwin\jdk8u91\6644\hotspot\src\share\vm\prims\j

Events (10 events):
Event: 1.423 Executing VM operation: ForceSafepoint
Event: 1.423 Executing VM operation: ForceSafepoint done
Event: 1.426 loading class com/android/dx/cf/code/Ropper$ExceptionHandlerSetup
Event: 1.426 loading class com/android/dx/cf/code/Ropper$ExceptionHandlerSetup done
Event: 1.427 loading class com/android/dx/cf/code/SwitchList
Event: 1.427 loading class com/android/dx/cf/code/SwitchList done
Event: 1.427 loading class java/util/HashMap$Values
Event: 1.427 loading class java/util/HashMap$Values done
Event: 1.427 loading class java/util/HashMap$ValueIterator
Event: 1.427 loading class java/util/HashMap$ValueIterator done


Dynamic libraries:
0x00007ff6f2dd0000 - 0x00007ff6f2e07000 	C:\Program Files\Java\jdk1.8.0_91\bin\java.exe
0x00007ffc62d40000 - 0x00007ffc62f01000 	C:\windows\SYSTEM32\ntdll.dll
0x00007ffc609e0000 - 0x00007ffc60a8d000 	C:\windows\system32\KERNEL32.DLL
0x00007ffc5fb80000 - 0x00007ffc5fd68000 	C:\windows\system32\KERNELBASE.dll
0x00007ffc5db50000 - 0x00007ffc5dbc9000 	C:\windows\system32\apphelp.dll
0x00007ffc60930000 - 0x00007ffc609d7000 	C:\windows\system32\ADVAPI32.dll
0x00007ffc60fa0000 - 0x00007ffc6103d000 	C:\windows\system32\msvcrt.dll
0x00007ffc60f40000 - 0x00007ffc60f9b000 	C:\windows\system32\sechost.dll
0x00007ffc602f0000 - 0x00007ffc6040c000 	C:\windows\system32\RPCRT4.dll
0x00007ffc60720000 - 0x00007ffc60876000 	C:\windows\system32\USER32.dll
0x00007ffc60c00000 - 0x00007ffc60d86000 	C:\windows\system32\GDI32.dll
0x00007ffc54d60000 - 0x00007ffc54fd4000 	C:\windows\WinSxS\amd64_microsoft.windows.common-controls_6595b64144ccf1df_6.0.10586.589_none_a2ddb3caa539acce\COMCTL32.dll
0x00007ffc62690000 - 0x00007ffc6290d000 	C:\windows\system32\combase.dll
0x00007ffc5fe20000 - 0x00007ffc5fe8a000 	C:\windows\system32\bcryptPrimitives.dll
0x00007ffc606e0000 - 0x00007ffc6071b000 	C:\windows\system32\IMM32.DLL
0x000000006e4d0000 - 0x000000006e5a2000 	C:\Program Files\Java\jdk1.8.0_91\jre\bin\msvcr100.dll
0x000000006dc30000 - 0x000000006e4c3000 	C:\Program Files\Java\jdk1.8.0_91\jre\bin\server\jvm.dll
0x00007ffc60a90000 - 0x00007ffc60a98000 	C:\windows\system32\PSAPI.DLL
0x00007ffc5c550000 - 0x00007ffc5c559000 	C:\windows\SYSTEM32\WSOCK32.dll
0x00007ffc62620000 - 0x00007ffc6268b000 	C:\windows\system32\WS2_32.dll
0x00007ffc5d320000 - 0x00007ffc5d343000 	C:\windows\SYSTEM32\WINMM.dll
0x00007ffc54ff0000 - 0x00007ffc54ffa000 	C:\windows\SYSTEM32\VERSION.dll
0x00007ffc5d2c0000 - 0x00007ffc5d2ec000 	C:\windows\SYSTEM32\WINMMBASE.dll
0x00007ffc5fdd0000 - 0x00007ffc5fe13000 	C:\windows\system32\cfgmgr32.dll
0x000000006dc20000 - 0x000000006dc2f000 	C:\Program Files\Java\jdk1.8.0_91\jre\bin\verify.dll
0x000000006dbf0000 - 0x000000006dc19000 	C:\Program Files\Java\jdk1.8.0_91\jre\bin\java.dll
0x000000006dbd0000 - 0x000000006dbe6000 	C:\Program Files\Java\jdk1.8.0_91\jre\bin\zip.dll
0x00007ffc610a0000 - 0x00007ffc625fc000 	C:\windows\system32\SHELL32.dll
0x00007ffc5f480000 - 0x00007ffc5fac5000 	C:\windows\system32\windows.storage.dll
0x00007ffc61040000 - 0x00007ffc61092000 	C:\windows\system32\shlwapi.dll
0x00007ffc5f380000 - 0x00007ffc5f38f000 	C:\windows\system32\kernel.appcore.dll
0x00007ffc5fe90000 - 0x00007ffc5ff45000 	C:\windows\system32\shcore.dll
0x00007ffc5f390000 - 0x00007ffc5f3db000 	C:\windows\system32\powrprof.dll
0x00007ffc5f360000 - 0x00007ffc5f374000 	C:\windows\system32\profapi.dll

VM Arguments:
jvm_args: -Djava.awt.headless=true -Xmx1024M -Dfile.encoding=GBK -Duser.country=CN -Duser.language=zh -Duser.variant 
java_command: com.android.dx.command.Main --dex --num-threads=4 --output D:\AndroidStudioSpace\ItemDecorationIndexBar\app\build\intermediates\pre-dexed\debug\com.android.support-support-vector-drawable-23.4.0_e70e7aa4cdfa9146ced5ab3bbd9a8ba286db704f.jar D:\AndroidStudioSpace\ItemDecorationIndexBar\app\build\intermediates\exploded-aar\com.android.support\support-vector-drawable\23.4.0\jars\classes.jar
java_class_path (initial): D:\Android\sdk\build-tools\23.0.3\lib\dx.jar
Launcher Type: SUN_STANDARD

Environment Variables:
JAVA_HOME=C:\Program Files\Java\jdk1.8.0_91
PATH=C:\Program Files (x86)\Intel\iCLS Client\;C:\Program Files\Intel\iCLS Client\;C:\windows\system32;C:\windows;C:\windows\System32\Wbem;C:\windows\System32\WindowsPowerShell\v1.0\;C:\Program Files (x86)\Intel\Intel(R) Management Engine Components\DAL;C:\Program Files\Intel\Intel(R) Management Engine Components\DAL;C:\Program Files (x86)\Intel\Intel(R) Management Engine Components\IPT;C:\Program Files\Intel\Intel(R) Management Engine Components\IPT;c:\Program Files (x86)\ATI Technologies\ATI.ACE\Core-Static;C:\Program Files\Java\jdk1.8.0_91\bin;D:\MySQL\bin;C:\Program Files\Apache Software Foundation\Tomcat 8.0\bin;C:\Program Files (x86)\Git\bin;D:\Android\android-ndk-r10\build;C:\Program Files\TortoiseSVN\bin
USERNAME=HP
OS=Windows_NT
PROCESSOR_IDENTIFIER=Intel64 Family 6 Model 78 Stepping 3, GenuineIntel



---------------  S Y S T E M  ---------------

OS: Windows 10.0 , 64 bit Build 10586 (10.0.10586.589)

CPU:total 4 (2 cores per cpu, 2 threads per core) family 6 model 78 stepping 3, cmov, cx8, fxsr, mmx, sse, sse2, sse3, ssse3, sse4.1, sse4.2, popcnt, avx, avx2, aes, clmul, erms, 3dnowpref, lzcnt, ht, tsc, tscinvbit, bmi1, bmi2, adx

Memory: 4k page, physical 16654752k(1160208k free), swap 25845660k(4836k free)

vm_info: Java HotSpot(TM) 64-Bit Server VM (25.91-b14) for windows-amd64 JRE (1.8.0_91-b14), built on Apr  1 2016 00:58:32 by "java_re" with MS VC++ 10.0 (VS2010)

time: Thu Dec 01 14:57:19 2016
elapsed time: 1 seconds (0d 0h 0m 1s)

